19-Oct-2018 10:29:30.909 INFO [main] org.apache.catalina.core.ApplicationContext.log ContextListener: contextInitialized()
19-Oct-2018 10:29:30.909 INFO [main] org.apache.catalina.core.ApplicationContext.log SessionListener: contextInitialized()
19-Oct-2018 10:29:30.915 INFO [main] org.apache.catalina.core.ApplicationContext.log ContextListener: attributeAdded('StockTicker', 'async.Stockticker@15de0b3c')
19-Oct-2018 10:58:26.305 INFO [main] org.apache.catalina.core.ApplicationContext.log ContextListener: contextInitialized()
19-Oct-2018 10:58:26.305 INFO [main] org.apache.catalina.core.ApplicationContext.log SessionListener: contextInitialized()
19-Oct-2018 10:58:26.311 INFO [main] org.apache.catalina.core.ApplicationContext.log ContextListener: attributeAdded('StockTicker', 'async.Stockticker@15de0b3c')
19-Oct-2018 11:05:11.951 INFO [Thread-5] org.apache.catalina.core.ApplicationContext.log SessionListener: contextDestroyed()
19-Oct-2018 11:05:11.951 INFO [Thread-5] org.apache.catalina.core.ApplicationContext.log ContextListener: contextDestroyed()
19-Oct-2018 11:08:52.334 INFO [main] org.apache.catalina.core.ApplicationContext.log ContextListener: contextInitialized()
19-Oct-2018 11:08:52.335 INFO [main] org.apache.catalina.core.ApplicationContext.log SessionListener: contextInitialized()
19-Oct-2018 11:08:52.341 INFO [main] org.apache.catalina.core.ApplicationContext.log ContextListener: attributeAdded('StockTicker', 'async.Stockticker@15de0b3c')
19-Oct-2018 11:45:15.480 INFO [Thread-5] org.apache.catalina.core.ApplicationContext.log SessionListener: contextDestroyed()
19-Oct-2018 11:45:15.480 INFO [Thread-5] org.apache.catalina.core.ApplicationContext.log ContextListener: contextDestroyed()
19-Oct-2018 11:45:41.924 INFO [main] org.apache.catalina.core.ApplicationContext.log ContextListener: contextInitialized()
19-Oct-2018 11:45:41.924 INFO [main] org.apache.catalina.core.ApplicationContext.log SessionListener: contextInitialized()
19-Oct-2018 11:45:41.931 INFO [main] org.apache.catalina.core.ApplicationContext.log ContextListener: attributeAdded('StockTicker', 'async.Stockticker@ae13544')
19-Oct-2018 12:47:07.193 INFO [main] org.apache.catalina.core.ApplicationContext.log SessionListener: contextDestroyed()
19-Oct-2018 12:47:07.193 INFO [main] org.apache.catalina.core.ApplicationContext.log ContextListener: contextDestroyed()
19-Oct-2018 13:01:02.463 INFO [main] org.apache.catalina.core.ApplicationContext.log ContextListener: contextInitialized()
19-Oct-2018 13:01:02.464 INFO [main] org.apache.catalina.core.ApplicationContext.log SessionListener: contextInitialized()
19-Oct-2018 13:01:02.469 INFO [main] org.apache.catalina.core.ApplicationContext.log ContextListener: attributeAdded('StockTicker', 'async.Stockticker@1757cd72')
19-Oct-2018 13:06:26.224 INFO [main] org.apache.catalina.core.ApplicationContext.log SessionListener: contextDestroyed()
19-Oct-2018 13:06:26.225 INFO [main] org.apache.catalina.core.ApplicationContext.log ContextListener: contextDestroyed()
